TN:
SF:src/modules/register-user/domain/forms/register-user-form.ts
FN:8,updateField
FN:18,assignRole
FN:24,isSubmittable
FN:28,validate
FNF:4
FNH:4
FNDA:4,updateField
FNDA:1,assignRole
FNDA:2,isSubmittable
FNDA:2,validate
DA:1,1
DA:2,1
DA:3,1
DA:4,1
DA:5,1
DA:6,1
DA:7,1
DA:8,1
DA:9,4
DA:10,4
DA:11,4
DA:12,4
DA:13,4
DA:14,4
DA:15,4
DA:16,4
DA:17,1
DA:18,1
DA:19,1
DA:20,1
DA:21,1
DA:22,1
DA:23,1
DA:24,1
DA:25,2
DA:26,2
DA:27,1
DA:28,1
DA:29,2
DA:30,2
DA:31,2
DA:32,2
DA:33,2
DA:34,2
DA:35,2
DA:36,2
DA:37,2
DA:38,2
DA:39,2
DA:40,0
DA:41,0
DA:42,0
DA:43,0
DA:44,0
DA:45,0
DA:46,0
DA:47,0
DA:48,0
DA:49,0
DA:50,0
DA:51,0
DA:52,0
DA:53,1
LF:53
LH:40
BRDA:8,0,0,4
BRDA:13,1,0,4
BRDA:18,2,0,1
BRDA:19,3,0,1
BRDA:24,4,0,2
BRDA:28,5,0,2
BRDA:40,6,0,0
BRF:7
BRH:6
end_of_record
TN:
SF:src/modules/register-user/domain/schema/register-schema.ts
FN:6,Object.<anonymous>.zod_1.z.string.min.refine.message
FN:9,Object.<anonymous>.zod_1.z.string.min.refine.refine.message
FN:12,Object.<anonymous>.zod_1.z.string.min.refine.refine.refine.message
FNF:3
FNH:3
FNDA:2,Object.<anonymous>.zod_1.z.string.min.refine.message
FNDA:2,Object.<anonymous>.zod_1.z.string.min.refine.refine.message
FNDA:2,Object.<anonymous>.zod_1.z.string.min.refine.refine.refine.message
DA:1,1
DA:2,1
DA:3,1
DA:4,1
DA:5,1
DA:6,1
DA:7,1
DA:8,1
DA:9,1
DA:10,1
DA:11,1
DA:12,1
DA:13,1
DA:14,1
DA:15,1
DA:16,1
DA:17,1
DA:18,1
DA:19,1
DA:20,1
DA:21,1
DA:22,1
DA:23,1
DA:24,1
DA:25,1
DA:26,1
LF:26
LH:26
BRDA:6,0,0,2
BRDA:9,1,0,2
BRDA:12,2,0,2
BRF:3
BRH:3
end_of_record
