TN:
SF:src/modules/create-event/api/save-event.api.ts
FN:7,saveEvent
FNF:1
FNH:0
FNDA:0,saveEvent
DA:1,1
DA:2,1
DA:3,1
DA:4,1
DA:5,1
DA:6,1
DA:7,1
DA:8,0
DA:9,0
DA:10,0
DA:11,0
DA:12,0
DA:13,0
DA:14,0
DA:15,0
DA:16,0
DA:17,0
DA:18,0
DA:19,0
DA:20,0
DA:21,0
DA:22,0
DA:23,0
DA:24,0
DA:25,0
DA:26,0
DA:27,0
DA:28,0
DA:29,0
DA:30,0
DA:31,0
DA:32,0
DA:33,0
DA:34,0
DA:35,0
DA:36,0
DA:37,0
DA:38,0
DA:39,0
DA:40,0
DA:41,1
LF:41
LH:8
BRF:0
BRH:0
end_of_record
TN:
SF:src/modules/create-event/store/create-event.slice.ts
FN:48,handleLoadingVenues
FN:51,storeVenues
FN:55,handleErrorVenues
FN:59,handleSuccessEventCreation
FN:64,handleErrorEventCreation
FNF:5
FNH:0
FNDA:0,handleLoadingVenues
FNDA:0,storeVenues
FNDA:0,handleErrorVenues
FNDA:0,handleSuccessEventCreation
FNDA:0,handleErrorEventCreation
DA:1,1
DA:2,1
DA:3,1
DA:4,1
DA:5,1
DA:6,1
DA:7,1
DA:8,1
DA:9,1
DA:10,1
DA:11,1
DA:12,1
DA:13,1
DA:14,1
DA:15,1
DA:16,1
DA:17,1
DA:18,1
DA:19,1
DA:20,1
DA:21,1
DA:22,1
DA:23,1
DA:24,1
DA:25,1
DA:26,1
DA:27,1
DA:28,1
DA:29,1
DA:30,1
DA:31,1
DA:32,1
DA:33,1
DA:34,1
DA:35,1
DA:36,1
DA:37,1
DA:38,1
DA:39,1
DA:40,1
DA:41,1
DA:42,1
DA:43,1
DA:44,1
DA:45,1
DA:46,1
DA:47,1
DA:48,1
DA:49,0
DA:50,1
DA:51,1
DA:52,0
DA:53,0
DA:54,1
DA:55,1
DA:56,0
DA:57,0
DA:58,1
DA:59,1
DA:60,0
DA:61,0
DA:62,0
DA:63,1
DA:64,1
DA:65,0
DA:66,0
DA:67,0
DA:68,0
DA:69,1
DA:70,1
DA:71,1
DA:72,1
DA:73,1
LF:73
LH:61
BRF:0
BRH:0
end_of_record
TN:
SF:src/modules/register-user/actions/register-user.action.ts
FN:7,registerUserAction
FNF:1
FNH:1
FNDA:1,registerUserAction
DA:1,1
DA:2,1
DA:3,1
DA:4,1
DA:5,1
DA:6,1
DA:7,1
DA:8,1
DA:9,1
DA:10,1
DA:11,1
DA:12,1
DA:13,0
DA:14,0
DA:15,1
LF:15
LH:13
BRDA:7,0,0,1
BRDA:7,1,0,1
BRDA:7,2,0,1
BRDA:12,3,0,0
BRF:4
BRH:3
end_of_record
TN:
SF:src/modules/register-user/domain/forms/register-user-form.ts
FN:8,updateField
FN:18,assignRole
FN:24,isSubmittable
FN:28,validate
FNF:4
FNH:4
FNDA:4,updateField
FNDA:1,assignRole
FNDA:2,isSubmittable
FNDA:2,validate
DA:1,1
DA:2,1
DA:3,1
DA:4,1
DA:5,1
DA:6,1
DA:7,1
DA:8,1
DA:9,4
DA:10,4
DA:11,4
DA:12,4
DA:13,4
DA:14,4
DA:15,4
DA:16,4
DA:17,1
DA:18,1
DA:19,1
DA:20,1
DA:21,1
DA:22,1
DA:23,1
DA:24,1
DA:25,2
DA:26,2
DA:27,1
DA:28,1
DA:29,2
DA:30,2
DA:31,2
DA:32,2
DA:33,2
DA:34,2
DA:35,2
DA:36,2
DA:37,2
DA:38,2
DA:39,2
DA:40,0
DA:41,0
DA:42,0
DA:43,0
DA:44,0
DA:45,0
DA:46,0
DA:47,0
DA:48,0
DA:49,0
DA:50,0
DA:51,0
DA:52,0
DA:53,1
LF:53
LH:40
BRDA:8,0,0,4
BRDA:13,1,0,4
BRDA:18,2,0,1
BRDA:19,3,0,1
BRDA:24,4,0,2
BRDA:28,5,0,2
BRDA:40,6,0,0
BRF:7
BRH:6
end_of_record
TN:
SF:src/modules/register-user/domain/schema/register-schema.ts
FN:6,Object.<anonymous>.zod_1.z.string.min.refine.message
FN:9,Object.<anonymous>.zod_1.z.string.min.refine.refine.message
FN:12,Object.<anonymous>.zod_1.z.string.min.refine.refine.refine.message
FNF:3
FNH:3
FNDA:2,Object.<anonymous>.zod_1.z.string.min.refine.message
FNDA:2,Object.<anonymous>.zod_1.z.string.min.refine.refine.message
FNDA:2,Object.<anonymous>.zod_1.z.string.min.refine.refine.refine.message
DA:1,1
DA:2,1
DA:3,1
DA:4,1
DA:5,1
DA:6,1
DA:7,1
DA:8,1
DA:9,1
DA:10,1
DA:11,1
DA:12,1
DA:13,1
DA:14,1
DA:15,1
DA:16,1
DA:17,1
DA:18,1
DA:19,1
DA:20,1
DA:21,1
DA:22,1
DA:23,1
DA:24,1
DA:25,1
DA:26,1
LF:26
LH:26
BRDA:6,0,0,2
BRDA:9,1,0,2
BRDA:12,2,0,2
BRF:3
BRH:3
end_of_record
TN:
SF:src/modules/register-user/store/register-user.slice.ts
FN:17,handleRegisterUserLoading
FN:20,handleSuccessRegisterUser
FN:24,handleErrorRegisterUser
FNF:3
FNH:2
FNDA:1,handleRegisterUserLoading
FNDA:1,handleSuccessRegisterUser
FNDA:0,handleErrorRegisterUser
DA:1,1
DA:2,1
DA:3,1
DA:4,1
DA:5,1
DA:6,1
DA:7,1
DA:8,1
DA:9,1
DA:10,1
DA:11,1
DA:12,1
DA:13,1
DA:14,1
DA:15,1
DA:16,1
DA:17,1
DA:18,1
DA:19,1
DA:20,1
DA:21,1
DA:22,1
DA:23,1
DA:24,1
DA:25,0
DA:26,0
DA:27,0
DA:28,1
DA:29,1
DA:30,1
DA:31,1
DA:32,1
LF:32
LH:29
BRDA:17,0,0,1
BRDA:20,1,0,1
BRF:2
BRH:2
end_of_record
TN:
SF:src/modules/register-user/tests/mock.register-gateway.ts
FN:5,MockRegisterGateway
FN:8,register
FN:17,expectRegisterWasCalledWith
FNF:3
FNH:3
FNDA:3,MockRegisterGateway
FNDA:1,register
FNDA:1,expectRegisterWasCalledWith
DA:1,1
DA:2,1
DA:3,1
DA:4,1
DA:5,3
DA:6,3
DA:7,3
DA:8,3
DA:9,1
DA:10,1
DA:11,1
DA:12,1
DA:13,1
DA:14,1
DA:15,1
DA:16,3
DA:17,3
DA:18,1
DA:19,1
DA:20,3
LF:20
LH:20
BRDA:5,0,0,3
BRDA:8,1,0,1
BRDA:17,2,0,1
BRF:3
BRH:3
end_of_record
TN:
SF:src/modules/register-user/tests/tests-environment.ts
FN:12,createDependencies
FN:26,createTestStore
FN:52,createTestState
FNF:3
FNH:2
FNDA:2,createDependencies
FNDA:1,createTestStore
FNDA:0,createTestState
DA:1,1
DA:2,1
DA:3,1
DA:4,1
DA:5,1
DA:6,1
DA:7,1
DA:8,1
DA:9,1
DA:10,1
DA:11,1
DA:12,1
DA:13,2
DA:14,2
DA:15,2
DA:16,2
DA:17,2
DA:18,2
DA:19,1
DA:20,1
DA:21,1
DA:22,1
DA:23,1
DA:24,1
DA:25,1
DA:26,1
DA:27,1
DA:28,1
DA:29,1
DA:30,1
DA:31,1
DA:32,1
DA:33,1
DA:34,1
DA:35,1
DA:36,1
DA:37,1
DA:38,1
DA:39,1
DA:40,1
DA:41,1
DA:42,1
DA:43,1
DA:44,1
DA:45,1
DA:46,1
DA:47,1
DA:48,1
DA:49,1
DA:50,1
DA:51,1
DA:52,1
DA:53,0
DA:54,0
DA:55,0
DA:56,0
DA:57,0
DA:58,0
DA:59,0
DA:60,0
DA:61,0
DA:62,0
DA:63,0
DA:64,0
DA:65,0
LF:65
LH:52
BRDA:12,0,0,2
BRDA:26,1,0,1
BRDA:31,2,0,0
BRDA:36,3,0,0
BRDA:41,4,0,0
BRF:5
BRH:2
end_of_record
TN:
SF:src/shared/error.utils.ts
FN:1,extractErrorMessage
FNF:1
FNH:0
FNDA:0,extractErrorMessage
DA:1,1
DA:2,0
DA:3,0
DA:4,0
DA:5,0
DA:6,0
LF:6
LH:1
BRF:0
BRH:0
end_of_record
TN:
SF:src/shared/pad-time.ts
FN:1,padTime
FNF:1
FNH:0
FNDA:0,padTime
DA:1,1
DA:2,0
DA:3,0
DA:4,0
LF:4
LH:1
BRF:0
BRH:0
end_of_record
TN:
SF:src/store/store.ts
FN:18,createStore
FN:25,middleware
FN:37,useAppDispatch
FNF:3
FNH:2
FNDA:2,createStore
FNDA:2,middleware
FNDA:0,useAppDispatch
DA:1,1
DA:2,1
DA:3,1
DA:4,1
DA:5,1
DA:6,1
DA:7,1
DA:8,1
DA:9,1
DA:10,1
DA:11,1
DA:12,1
DA:13,1
DA:14,1
DA:15,1
DA:16,1
DA:17,1
DA:18,1
DA:19,2
DA:20,2
DA:21,2
DA:22,2
DA:23,2
DA:24,2
DA:25,2
DA:26,2
DA:27,2
DA:28,2
DA:29,2
DA:30,2
DA:31,2
DA:32,2
DA:33,2
DA:34,2
DA:35,2
DA:36,1
DA:37,1
LF:37
LH:37
BRDA:18,0,0,2
BRDA:25,1,0,2
BRF:2
BRH:2
end_of_record
