TN:
SF:src/api/main.ts
FNF:0
FNH:0
DA:1,1
DA:2,1
DA:3,1
DA:4,1
DA:5,1
DA:6,1
DA:7,1
DA:8,1
DA:9,1
DA:10,1
DA:11,1
DA:12,1
DA:13,1
DA:14,1
DA:15,1
DA:16,1
DA:17,1
DA:18,1
DA:19,1
DA:20,1
DA:21,1
LF:21
LH:21
BRDA:17,0,0,1
BRF:1
BRH:1
end_of_record
TN:
SF:src/api/config/dependency-injection.ts
FNF:0
FNH:0
DA:1,1
DA:2,1
DA:3,1
DA:4,1
DA:5,1
DA:6,1
DA:7,1
DA:8,1
DA:9,1
DA:10,1
DA:11,1
DA:12,1
DA:13,1
DA:14,1
DA:15,1
DA:16,1
DA:17,1
DA:18,1
DA:19,1
DA:20,1
DA:21,1
DA:22,1
DA:23,1
DA:24,1
DA:25,1
DA:26,1
DA:27,1
DA:28,1
DA:29,1
DA:30,1
DA:31,1
DA:32,1
DA:33,1
DA:34,1
DA:35,1
DA:36,1
DA:37,1
DA:38,1
DA:39,1
DA:40,1
DA:41,1
DA:42,1
DA:43,1
DA:44,1
DA:45,1
DA:46,1
DA:47,1
DA:48,1
DA:49,1
DA:50,1
DA:51,1
DA:52,1
DA:53,1
DA:54,1
DA:55,1
DA:56,1
DA:57,1
DA:58,1
DA:59,1
DA:60,1
LF:60
LH:60
BRF:0
BRH:0
end_of_record
TN:
SF:src/api/config/get-env.ts
FN:5,getEnv
FNF:1
FNH:1
FNDA:1,getEnv
DA:1,1
DA:2,1
DA:3,1
DA:4,1
DA:5,1
DA:6,1
DA:7,1
DA:8,0
DA:9,0
DA:10,1
DA:11,1
LF:11
LH:9
BRDA:5,0,0,1
BRDA:7,1,0,0
BRF:2
BRH:1
end_of_record
TN:
SF:src/api/controller/v1/event.controller.ts
FN:7,createEvent
FNF:1
FNH:1
FNDA:1,createEvent
DA:1,1
DA:2,1
DA:3,1
DA:4,1
DA:5,1
DA:6,1
DA:7,1
DA:8,1
DA:9,1
DA:10,1
DA:11,1
DA:12,1
DA:13,1
DA:14,1
DA:15,1
DA:16,0
DA:17,0
DA:18,1
DA:19,1
DA:20,1
DA:21,1
DA:22,1
DA:23,1
DA:24,1
DA:25,1
DA:26,1
DA:27,1
DA:28,1
DA:29,1
DA:30,1
DA:31,1
DA:32,1
DA:33,1
DA:34,1
DA:35,1
DA:36,0
DA:37,0
DA:38,1
LF:38
LH:34
BRDA:7,0,0,1
BRDA:11,1,0,1
BRDA:15,2,0,0
BRDA:35,3,0,0
BRF:4
BRH:2
end_of_record
TN:
SF:src/api/controller/v1/index.ts
FNF:0
FNH:0
DA:1,1
LF:1
LH:1
BRF:0
BRH:0
end_of_record
TN:
SF:src/api/dto/event.dto.ts
FNF:0
FNH:0
DA:1,1
DA:2,1
DA:3,1
DA:4,1
DA:5,1
DA:6,1
DA:7,1
DA:8,1
DA:9,1
DA:10,1
DA:11,1
DA:12,1
DA:13,1
DA:14,1
DA:15,1
DA:16,1
DA:17,1
DA:18,1
DA:19,1
DA:20,1
DA:21,1
DA:22,1
DA:23,1
DA:24,1
DA:25,1
DA:26,1
DA:27,1
DA:28,1
DA:29,1
DA:30,1
DA:31,1
LF:31
LH:31
BRF:0
BRH:0
end_of_record
TN:
SF:src/api/middlewares/error-handler.middleware.ts
FN:3,errorHandlerMiddleware
FNF:1
FNH:0
FNDA:0,errorHandlerMiddleware
DA:1,1
DA:2,1
DA:3,1
DA:4,0
DA:5,0
DA:6,0
DA:7,0
DA:8,0
DA:9,0
DA:10,0
LF:10
LH:3
BRF:0
BRH:0
end_of_record
TN:
SF:src/api/middlewares/json-response.middleware.ts
FN:19,jsonApiResponseMiddleware
FN:20,res.jsonSuccess
FN:28,res.jsonError
FNF:3
FNH:2
FNDA:1,jsonApiResponseMiddleware
FNDA:1,res.jsonSuccess
FNDA:0,res.jsonError
DA:1,1
DA:2,1
DA:3,1
DA:4,1
DA:5,1
DA:6,1
DA:7,1
DA:8,1
DA:9,1
DA:10,1
DA:11,1
DA:12,1
DA:13,1
DA:14,1
DA:15,1
DA:16,1
DA:17,1
DA:18,1
DA:19,1
DA:20,1
DA:21,1
DA:22,1
DA:23,1
DA:24,1
DA:25,1
DA:26,1
DA:27,1
DA:28,1
DA:29,0
DA:30,0
DA:31,0
DA:32,0
DA:33,0
DA:34,0
DA:35,0
DA:36,0
DA:37,0
DA:38,1
DA:39,1
DA:40,1
DA:41,1
LF:41
LH:32
BRDA:19,0,0,1
BRDA:20,1,0,1
BRF:2
BRH:2
end_of_record
TN:
SF:src/api/routes/index.ts
FNF:0
FNH:0
DA:1,1
DA:2,1
DA:3,1
DA:4,1
DA:5,1
DA:6,1
DA:7,1
DA:8,1
LF:8
LH:8
BRF:0
BRH:0
end_of_record
TN:
SF:src/api/routes/v1/event.routes.ts
FNF:0
FNH:0
DA:1,1
DA:2,1
DA:3,1
DA:4,1
DA:5,1
DA:6,1
DA:7,1
DA:8,1
LF:8
LH:8
BRF:0
BRH:0
end_of_record
TN:
SF:src/api/routes/v1/index.ts
FNF:0
FNH:0
DA:1,1
DA:2,1
DA:3,1
DA:4,1
DA:5,1
DA:6,1
DA:7,1
DA:8,1
LF:8
LH:8
BRF:0
BRH:0
end_of_record
TN:
SF:src/api/utils/validate-request.ts
FN:4,validationError
FN:16,RequestValidator
FNF:2
FNH:2
FNDA:1,validationError
FNDA:1,RequestValidator
DA:1,1
DA:2,1
DA:3,1
DA:4,1
DA:5,1
DA:6,1
DA:7,1
DA:8,1
DA:9,1
DA:10,0
DA:11,0
DA:12,1
DA:13,1
DA:14,1
DA:15,1
DA:16,1
DA:17,1
DA:18,1
DA:19,1
DA:20,0
DA:21,0
DA:22,0
DA:23,0
DA:24,0
DA:25,1
DA:26,1
LF:26
LH:19
BRDA:4,0,0,1
BRDA:4,1,0,1
BRDA:9,2,0,0
BRDA:16,3,0,1
BRDA:16,4,0,1
BRDA:19,5,0,0
BRF:6
BRH:4
end_of_record
TN:
SF:src/modules/calendar/domain/services/slot-reservation.service.ts
FN:6,SlotReservationService
FN:10,reserveSlot
FNF:2
FNH:2
FNDA:12,SlotReservationService
FNDA:3,reserveSlot
DA:1,1
DA:2,1
DA:3,1
DA:4,1
DA:5,1
DA:6,1
DA:7,12
DA:8,12
DA:9,1
DA:10,1
DA:11,3
DA:12,3
DA:13,3
DA:14,3
DA:15,3
DA:16,3
DA:17,1
LF:17
LH:17
BRDA:6,0,0,12
BRDA:10,1,0,3
BRF:2
BRH:2
end_of_record
TN:
SF:src/modules/calendar/domain/services/venue-availibility.service.ts
FN:5,VenueAvailabilityService
FN:10,isSlotAvailable
FNF:2
FNH:2
FNDA:12,VenueAvailabilityService
FNDA:4,isSlotAvailable
DA:1,1
DA:2,1
DA:3,1
DA:4,1
DA:5,1
DA:6,12
DA:7,12
DA:8,12
DA:9,1
DA:10,1
DA:11,4
DA:12,4
DA:13,4
DA:14,4
DA:15,4
DA:16,4
DA:17,4
DA:18,4
DA:19,1
LF:19
LH:19
BRDA:5,0,0,12
BRDA:10,1,0,4
BRDA:12,2,0,0
BRDA:12,3,0,0
BRDA:15,4,0,1
BRF:5
BRH:3
end_of_record
TN:
SF:src/modules/calendar/domain/value-objects/slot.ts
FN:8,Slot
FNF:1
FNH:1
FNDA:4,Slot
DA:1,1
DA:2,1
DA:3,1
DA:4,1
DA:5,1
DA:6,1
DA:7,1
DA:8,1
DA:9,1
DA:10,1
LF:10
LH:10
BRDA:8,0,0,4
BRF:1
BRH:1
end_of_record
TN:
SF:src/modules/event/application/usecases/create-event.usecase.ts
FN:24,CreateEventUseCase
FN:33,execute
FNF:2
FNH:2
FNDA:12,CreateEventUseCase
FNDA:12,execute
DA:1,1
DA:2,1
DA:3,1
DA:4,1
DA:5,1
DA:6,1
DA:7,1
DA:8,1
DA:9,1
DA:10,1
DA:11,1
DA:12,1
DA:13,1
DA:14,1
DA:15,1
DA:16,1
DA:17,1
DA:18,1
DA:19,1
DA:20,1
DA:21,1
DA:22,1
DA:23,1
DA:24,1
DA:25,12
DA:26,12
DA:27,12
DA:28,12
DA:29,12
DA:30,12
DA:31,12
DA:32,1
DA:33,1
DA:34,12
DA:35,12
DA:36,12
DA:37,12
DA:38,1
DA:39,1
DA:40,11
DA:41,11
DA:42,11
DA:43,11
DA:44,11
DA:45,12
DA:46,1
DA:47,1
DA:48,4
DA:49,4
DA:50,12
DA:51,1
DA:52,1
DA:53,3
DA:54,3
DA:55,3
DA:56,3
DA:57,3
DA:58,3
DA:59,3
DA:60,1
LF:60
LH:60
BRDA:24,0,0,12
BRDA:33,1,0,12
BRDA:35,2,0,0
BRDA:37,3,0,1
BRDA:40,4,0,11
BRDA:45,5,0,5
BRDA:45,6,0,1
BRDA:48,7,0,4
BRDA:50,8,0,1
BRDA:53,9,0,3
BRF:10
BRH:9
end_of_record
TN:
SF:src/modules/event/domain/hosted-event.entity.ts
FN:23,HostedEvent
FN:25,hasConflictWith
FN:29,conflictsWithDates
FN:36,isSimilarTo
FN:40,isTextuallyCloseTo
FN:45,hasDatesInThePast
FN:49,isTooSoon
FN:53,isTooLong
FN:57,hasNotEnoughCapacity
FN:61,hasTooMuchCapacity
FN:65,hasNegativePrice
FN:69,validateOrThrow
FNF:12
FNH:12
FNDA:13,HostedEvent
FNDA:5,hasConflictWith
FNDA:1,conflictsWithDates
FNDA:2,isSimilarTo
FNDA:2,isTextuallyCloseTo
FNDA:11,hasDatesInThePast
FNDA:10,isTooSoon
FNDA:9,isTooLong
FNDA:8,hasNotEnoughCapacity
FNDA:7,hasTooMuchCapacity
FNDA:6,hasNegativePrice
FNDA:11,validateOrThrow
DA:1,1
DA:2,1
DA:3,1
DA:4,1
DA:5,1
DA:6,1
DA:7,1
DA:8,1
DA:9,1
DA:10,1
DA:11,1
DA:12,1
DA:13,1
DA:14,1
DA:15,1
DA:16,1
DA:17,1
DA:18,1
DA:19,1
DA:20,1
DA:21,1
DA:22,1
DA:23,1
DA:24,1
DA:25,1
DA:26,5
DA:27,5
DA:28,1
DA:29,1
DA:30,1
DA:31,1
DA:32,1
DA:33,1
DA:34,1
DA:35,1
DA:36,1
DA:37,2
DA:38,2
DA:39,1
DA:40,1
DA:41,2
DA:42,1
DA:43,2
DA:44,1
DA:45,1
DA:46,11
DA:47,11
DA:48,1
DA:49,1
DA:50,10
DA:51,10
DA:52,1
DA:53,1
DA:54,9
DA:55,9
DA:56,1
DA:57,1
DA:58,8
DA:59,8
DA:60,1
DA:61,1
DA:62,7
DA:63,7
DA:64,1
DA:65,1
DA:66,6
DA:67,6
DA:68,1
DA:69,1
DA:70,11
DA:71,1
DA:72,1
DA:73,10
DA:74,11
DA:75,1
DA:76,1
DA:77,9
DA:78,11
DA:79,1
DA:80,1
DA:81,8
DA:82,11
DA:83,1
DA:84,1
DA:85,7
DA:86,11
DA:87,1
DA:88,1
DA:89,6
DA:90,11
DA:91,1
DA:92,1
DA:93,11
DA:94,1
LF:94
LH:94
BRDA:23,0,0,13
BRDA:25,1,0,5
BRDA:26,2,0,2
BRDA:29,3,0,1
BRDA:36,4,0,2
BRDA:40,5,0,2
BRDA:41,6,0,1
BRDA:45,7,0,11
BRDA:46,8,0,10
BRDA:49,9,0,10
BRDA:53,10,0,9
BRDA:57,11,0,8
BRDA:61,12,0,7
BRDA:65,13,0,6
BRDA:69,14,0,11
BRDA:70,15,0,1
BRDA:73,16,0,10
BRDA:74,17,0,1
BRDA:77,18,0,9
BRDA:78,19,0,1
BRDA:81,20,0,8
BRDA:82,21,0,1
BRDA:85,22,0,7
BRDA:86,23,0,1
BRDA:89,24,0,6
BRDA:90,25,0,1
BRF:26
BRH:26
end_of_record
TN:
SF:src/modules/event/domain/enums/event-status.ts
FNF:0
FNH:0
DA:1,2
DA:2,2
DA:3,2
DA:4,2
DA:5,2
LF:5
LH:5
BRDA:1,0,0,2
BRF:1
BRH:1
end_of_record
TN:
SF:src/modules/event/domain/factories/hosted-event.factory.ts
FN:8,HostedEventFactory
FN:12,create
FNF:2
FNH:2
FNDA:12,HostedEventFactory
FNDA:11,create
DA:1,1
DA:2,1
DA:3,1
DA:4,1
DA:5,1
DA:6,1
DA:7,1
DA:8,1
DA:9,12
DA:10,12
DA:11,1
DA:12,1
DA:13,11
DA:14,11
DA:15,11
DA:16,11
DA:17,11
DA:18,11
DA:19,11
DA:20,11
DA:21,11
DA:22,11
DA:23,11
DA:24,11
DA:25,11
DA:26,11
DA:27,11
DA:28,1
LF:28
LH:28
BRDA:8,0,0,12
BRDA:12,1,0,11
BRF:2
BRH:2
end_of_record
TN:
SF:src/modules/event/domain/services/event-conflict-checker.service.ts
FN:7,EventConflictService
FN:11,hasConflictWith
FNF:2
FNH:2
FNDA:12,EventConflictService
FNDA:5,hasConflictWith
DA:1,1
DA:2,1
DA:3,1
DA:4,1
DA:5,1
DA:6,1
DA:7,1
DA:8,12
DA:9,12
DA:10,1
DA:11,1
DA:12,5
DA:13,5
DA:14,5
DA:15,5
DA:16,5
DA:17,1
LF:17
LH:17
BRDA:7,0,0,12
BRDA:11,1,0,5
BRF:2
BRH:2
end_of_record
TN:
SF:src/modules/organizer/domain/organizer.entity.ts
FN:8,Organizer
FNF:1
FNH:1
FNDA:3,Organizer
DA:1,1
DA:2,1
DA:3,1
DA:4,1
DA:5,1
DA:6,1
DA:7,1
DA:8,1
DA:9,1
LF:9
LH:9
BRDA:8,0,0,3
BRF:1
BRH:1
end_of_record
TN:
SF:src/modules/shared/infrastructure/uuid-generator.ts
FN:5,generate
FNF:1
FNH:1
FNDA:11,generate
DA:1,1
DA:2,1
DA:3,1
DA:4,1
DA:5,1
DA:6,11
DA:7,11
DA:8,1
LF:8
LH:8
BRDA:5,0,0,11
BRF:1
BRH:1
end_of_record
TN:
SF:src/modules/shared/services/jwt-authenticator.ts
FN:8,JwtAuthenticator
FN:13,authenticate
FNF:2
FNH:0
FNDA:0,JwtAuthenticator
FNDA:0,authenticate
DA:1,1
DA:2,1
DA:3,1
DA:4,1
DA:5,1
DA:6,1
DA:7,1
DA:8,1
DA:9,0
DA:10,0
DA:11,0
DA:12,1
DA:13,1
DA:14,0
DA:15,0
DA:16,0
DA:17,0
DA:18,0
DA:19,0
DA:20,0
DA:21,0
DA:22,0
DA:23,0
DA:24,0
DA:25,0
DA:26,0
DA:27,0
DA:28,0
DA:29,0
DA:30,0
DA:31,0
DA:32,0
DA:33,0
DA:34,0
DA:35,0
DA:36,0
DA:37,0
DA:38,0
DA:39,0
DA:40,1
LF:40
LH:11
BRF:0
BRH:0
end_of_record
TN:
SF:src/modules/venue/domain/venue.entity.ts
FN:13,Venue
FN:15,isOpenAt
FNF:2
FNH:2
FNDA:4,Venue
FNDA:16,isOpenAt
DA:1,1
DA:2,1
DA:3,1
DA:4,1
DA:5,1
DA:6,1
DA:7,1
DA:8,1
DA:9,1
DA:10,1
DA:11,1
DA:12,1
DA:13,1
DA:14,1
DA:15,1
DA:16,16
DA:17,16
DA:18,1
LF:18
LH:18
BRDA:13,0,0,4
BRDA:15,1,0,16
BRF:2
BRH:2
end_of_record
TN:
SF:src/modules/venue/domain/value-objects/adress.ts
FN:10,Address
FNF:1
FNH:1
FNDA:4,Address
DA:1,1
DA:2,1
DA:3,1
DA:4,1
DA:5,1
DA:6,1
DA:7,1
DA:8,1
DA:9,1
DA:10,1
DA:11,1
LF:11
LH:11
BRDA:10,0,0,4
BRF:1
BRH:1
end_of_record
TN:
SF:src/modules/venue/domain/value-objects/weekly-schedule.ts
FN:14,WeeklySchedule
FN:16,from
FN:20,isOpenDuring
FN:31,dayOf
FN:39,setTime
FNF:5
FNH:5
FNDA:4,WeeklySchedule
FNDA:4,from
FNDA:16,isOpenDuring
FNDA:16,dayOf
FNDA:30,setTime
DA:1,1
DA:2,1
DA:3,1
DA:4,1
DA:5,1
DA:6,1
DA:7,1
DA:8,1
DA:9,1
DA:10,1
DA:11,1
DA:12,1
DA:13,1
DA:14,1
DA:15,1
DA:16,1
DA:17,4
DA:18,4
DA:19,1
DA:20,1
DA:21,16
DA:22,16
DA:23,16
DA:24,16
DA:25,15
DA:26,15
DA:27,15
DA:28,16
DA:29,16
DA:30,1
DA:31,1
DA:32,16
DA:33,16
DA:34,16
DA:35,16
DA:36,16
DA:37,16
DA:38,1
DA:39,1
DA:40,30
DA:41,30
DA:42,30
DA:43,1
LF:43
LH:43
BRDA:14,0,0,4
BRDA:16,1,0,4
BRDA:20,2,0,16
BRDA:22,3,0,15
BRDA:22,4,0,1
BRDA:24,5,0,15
BRDA:31,6,0,16
BRDA:39,7,0,30
BRF:8
BRH:8
end_of_record
TN:
SF:src/tests/entities-test/unittest-hosted-events.ts
FNF:0
FNH:0
DA:1,1
DA:2,1
DA:3,1
DA:4,1
DA:5,1
DA:6,1
DA:7,1
DA:8,1
DA:9,1
DA:10,1
DA:11,1
DA:12,1
DA:13,1
DA:14,1
DA:15,1
DA:16,1
DA:17,1
DA:18,1
DA:19,1
DA:20,1
DA:21,1
DA:22,1
DA:23,1
DA:24,1
DA:25,1
DA:26,1
DA:27,1
DA:28,1
DA:29,1
DA:30,1
DA:31,1
DA:32,1
DA:33,1
DA:34,1
DA:35,1
LF:35
LH:35
BRF:0
BRH:0
end_of_record
TN:
SF:src/tests/entities-test/unittest-organizers.ts
FNF:0
FNH:0
DA:1,1
DA:2,1
DA:3,1
DA:4,1
DA:5,1
DA:6,1
DA:7,1
DA:8,1
DA:9,1
DA:10,1
DA:11,1
DA:12,1
DA:13,1
DA:14,1
LF:14
LH:14
BRF:0
BRH:0
end_of_record
TN:
SF:src/tests/entities-test/unittest-venue.ts
FNF:0
FNH:0
DA:1,1
DA:2,1
DA:3,1
DA:4,1
DA:5,1
DA:6,1
DA:7,1
DA:8,1
DA:9,1
DA:10,1
DA:11,1
DA:12,1
DA:13,1
DA:14,1
DA:15,1
DA:16,1
DA:17,1
DA:18,1
DA:19,1
DA:20,1
DA:21,1
DA:22,1
DA:23,1
DA:24,1
DA:25,1
DA:26,1
DA:27,1
DA:28,1
DA:29,1
DA:30,1
DA:31,1
DA:32,1
DA:33,1
DA:34,1
DA:35,1
DA:36,1
DA:37,1
DA:38,1
DA:39,1
DA:40,1
DA:41,1
DA:42,1
DA:43,1
DA:44,1
DA:45,1
DA:46,1
LF:46
LH:46
BRF:0
BRH:0
end_of_record
TN:
SF:src/tests/infra-tests/in-memory-calendar-repository.ts
FN:8,InMemoryCalendarRepository
FN:10,save
FN:14,findByVenueId
FNF:3
FNH:3
FNDA:12,InMemoryCalendarRepository
FNDA:4,save
FNDA:1,findByVenueId
DA:1,1
DA:2,1
DA:3,1
DA:4,1
DA:5,1
DA:6,1
DA:7,1
DA:8,1
DA:9,1
DA:10,1
DA:11,4
DA:12,4
DA:13,1
DA:14,1
DA:15,1
DA:16,1
DA:17,1
LF:17
LH:17
BRDA:8,0,0,12
BRDA:10,1,0,4
BRDA:14,2,0,1
BRDA:15,3,0,0
BRDA:15,4,0,1
BRF:5
BRH:4
end_of_record
TN:
SF:src/tests/infra-tests/in-memory-event-repository.ts
FN:8,InMemoryEventRepository
FN:12,save
FN:16,findByOrganizerAndStatus
FN:23,findEventsAtVenue
FN:27,findById
FNF:5
FNH:5
FNDA:12,InMemoryEventRepository
FNDA:5,save
FNDA:5,findByOrganizerAndStatus
FNDA:4,findEventsAtVenue
FNDA:1,findById
DA:1,1
DA:2,1
DA:3,1
DA:4,1
DA:5,1
DA:6,1
DA:7,1
DA:8,1
DA:9,12
DA:10,12
DA:11,1
DA:12,1
DA:13,5
DA:14,5
DA:15,1
DA:16,1
DA:17,5
DA:18,2
DA:19,2
DA:20,5
DA:21,5
DA:22,1
DA:23,1
DA:24,4
DA:25,4
DA:26,1
DA:27,1
DA:28,1
DA:29,1
DA:30,1
LF:30
LH:30
BRDA:8,0,0,12
BRDA:12,1,0,5
BRDA:16,2,0,5
BRDA:17,3,0,2
BRDA:23,4,0,4
BRDA:24,5,0,1
BRDA:27,6,0,1
BRDA:28,7,0,0
BRDA:28,8,0,1
BRF:9
BRH:8
end_of_record
TN:
SF:src/tests/infra-tests/in-memory-venue-repository.ts
FN:9,InMemoryVenueRepository
FN:13,save
FN:17,findByName
FN:21,findById
FNF:4
FNH:4
FNDA:12,InMemoryVenueRepository
FNDA:13,save
FNDA:12,findByName
FNDA:4,findById
DA:1,1
DA:2,1
DA:3,1
DA:4,1
DA:5,1
DA:6,1
DA:7,1
DA:8,1
DA:9,1
DA:10,12
DA:11,12
DA:12,1
DA:13,1
DA:14,13
DA:15,13
DA:16,1
DA:17,1
DA:18,12
DA:19,12
DA:20,1
DA:21,1
DA:22,4
DA:23,4
DA:24,1
LF:24
LH:24
BRDA:9,0,0,12
BRDA:13,1,0,13
BRDA:17,2,0,12
BRDA:18,3,0,0
BRDA:18,4,0,13
BRDA:21,5,0,4
BRDA:22,6,0,0
BRDA:22,7,0,4
BRF:8
BRH:6
end_of_record
