TN:
SF:src/event/application/usecases/create-event.usecase.ts
FN:28,CreateEventUseCase
FN:30,execute
FNF:2
FNH:2
FNDA:6,CreateEventUseCase
FNDA:6,execute
DA:1,1
DA:2,1
DA:3,1
DA:4,1
DA:5,1
DA:6,1
DA:7,1
DA:8,1
DA:9,1
DA:10,1
DA:11,1
DA:12,1
DA:13,1
DA:14,1
DA:15,1
DA:16,1
DA:17,1
DA:18,1
DA:19,1
DA:20,1
DA:21,1
DA:22,1
DA:23,1
DA:24,1
DA:25,1
DA:26,1
DA:27,1
DA:28,1
DA:29,1
DA:30,1
DA:31,6
DA:32,6
DA:33,6
DA:34,6
DA:35,6
DA:36,6
DA:37,6
DA:38,6
DA:39,6
DA:40,6
DA:41,6
DA:42,6
DA:43,6
DA:44,6
DA:45,6
DA:46,6
DA:47,6
DA:48,6
DA:49,6
DA:50,6
DA:51,6
DA:52,6
DA:53,6
DA:54,6
DA:55,6
DA:56,6
DA:57,1
DA:58,1
DA:59,5
DA:60,5
DA:61,5
DA:62,1
LF:62
LH:62
BRDA:28,0,0,6
BRDA:30,1,0,6
BRDA:56,2,0,1
BRDA:59,3,0,5
BRF:4
BRH:4
end_of_record
TN:
SF:src/event/domain/hosted-event.entity.ts
FN:19,HostedEvent
FN:21,wasOrganizedBy
FN:25,hasOneOfStatus
FN:29,hasConflictWith
FN:33,isSimilarTo
FN:39,isTextuallyCloseTo
FN:44,hasNotEnoughCapacity
FN:48,hasTooMuchCapacity
FN:52,validateOrThrow
FNF:9
FNH:9
FNDA:7,HostedEvent
FNDA:1,wasOrganizedBy
FNDA:1,hasOneOfStatus
FNDA:6,hasConflictWith
FNDA:1,isSimilarTo
FNDA:1,isTextuallyCloseTo
FNDA:2,hasNotEnoughCapacity
FNDA:1,hasTooMuchCapacity
FNDA:5,validateOrThrow
DA:1,1
DA:2,1
DA:3,1
DA:4,1
DA:5,1
DA:6,1
DA:7,1
DA:8,1
DA:9,1
DA:10,1
DA:11,1
DA:12,1
DA:13,1
DA:14,1
DA:15,1
DA:16,1
DA:17,1
DA:18,1
DA:19,1
DA:20,1
DA:21,1
DA:22,1
DA:23,1
DA:24,1
DA:25,1
DA:26,1
DA:27,1
DA:28,1
DA:29,1
DA:30,6
DA:31,6
DA:32,1
DA:33,1
DA:34,1
DA:35,1
DA:36,1
DA:37,1
DA:38,1
DA:39,1
DA:40,1
DA:41,1
DA:42,1
DA:43,1
DA:44,1
DA:45,2
DA:46,2
DA:47,1
DA:48,1
DA:49,1
DA:50,1
DA:51,1
DA:52,1
DA:53,5
DA:54,1
DA:55,1
DA:56,4
DA:57,5
DA:58,1
DA:59,1
DA:60,3
DA:61,5
DA:62,1
DA:63,1
DA:64,2
DA:65,5
DA:66,1
DA:67,1
DA:68,1
DA:69,1
DA:70,1
DA:71,1
DA:72,5
DA:73,1
LF:73
LH:73
BRDA:19,0,0,7
BRDA:21,1,0,1
BRDA:25,2,0,1
BRDA:29,3,0,6
BRDA:30,4,0,1
BRDA:33,5,0,1
BRDA:39,6,0,1
BRDA:44,7,0,2
BRDA:48,8,0,1
BRDA:52,9,0,5
BRDA:53,10,0,1
BRDA:56,11,0,4
BRDA:57,12,0,1
BRDA:60,13,0,3
BRDA:61,14,0,1
BRDA:64,15,0,2
BRDA:65,16,0,1
BRF:17
BRH:17
end_of_record
TN:
SF:src/event/domain/enums/event-status.ts
FNF:0
FNH:0
DA:1,1
DA:2,1
DA:3,1
DA:4,1
DA:5,1
LF:5
LH:5
BRDA:1,0,0,1
BRF:1
BRH:1
end_of_record
TN:
SF:src/event/domain/value-objects/event-dates.ts
FN:9,EventDates
FN:11,equals
FN:16,isInThePast
FN:20,isTooSoon
FN:24,isTooLong
FNF:5
FNH:5
FNDA:7,EventDates
FNDA:1,equals
FNDA:5,isInThePast
FNDA:4,isTooSoon
FNDA:3,isTooLong
DA:1,1
DA:2,1
DA:3,1
DA:4,1
DA:5,1
DA:6,1
DA:7,1
DA:8,1
DA:9,1
DA:10,1
DA:11,1
DA:12,1
DA:13,1
DA:14,1
DA:15,1
DA:16,1
DA:17,5
DA:18,5
DA:19,1
DA:20,1
DA:21,4
DA:22,4
DA:23,1
DA:24,1
DA:25,3
DA:26,3
DA:27,1
LF:27
LH:27
BRDA:9,0,0,7
BRDA:11,1,0,1
BRDA:16,2,0,5
BRDA:17,3,0,4
BRDA:20,4,0,4
BRDA:24,5,0,3
BRF:6
BRH:6
end_of_record
TN:
SF:src/event/domain/value-objects/event-place.ts
FN:10,EventPlace
FN:12,equals
FNF:2
FNH:2
FNDA:7,EventPlace
FNDA:1,equals
DA:1,1
DA:2,1
DA:3,1
DA:4,1
DA:5,1
DA:6,1
DA:7,1
DA:8,1
DA:9,1
DA:10,1
DA:11,1
DA:12,1
DA:13,1
DA:14,1
DA:15,1
DA:16,1
DA:17,1
DA:18,1
DA:19,1
LF:19
LH:19
BRDA:10,0,0,7
BRDA:12,1,0,1
BRF:2
BRH:2
end_of_record
TN:
SF:src/event/tests/entities-test/unittest-hosted-events.ts
FNF:0
FNH:0
DA:1,1
DA:2,1
DA:3,1
DA:4,1
DA:5,1
DA:6,1
DA:7,1
DA:8,1
DA:9,1
DA:10,1
DA:11,1
DA:12,1
DA:13,1
DA:14,1
DA:15,1
DA:16,1
DA:17,1
DA:18,1
DA:19,1
DA:20,1
DA:21,1
DA:22,1
DA:23,1
DA:24,1
DA:25,1
DA:26,1
DA:27,1
DA:28,1
LF:28
LH:28
BRF:0
BRH:0
end_of_record
TN:
SF:src/event/tests/infra-test/in-memory-event-repository.ts
FN:8,InMemoryEventRepository
FN:12,save
FN:16,findByOrganizerAndStatus
FNF:3
FNH:3
FNDA:6,InMemoryEventRepository
FNDA:1,save
FNDA:6,findByOrganizerAndStatus
DA:1,1
DA:2,1
DA:3,1
DA:4,1
DA:5,1
DA:6,1
DA:7,1
DA:8,1
DA:9,6
DA:10,6
DA:11,1
DA:12,1
DA:13,1
DA:14,1
DA:15,1
DA:16,1
DA:17,6
DA:18,1
DA:19,1
DA:20,6
DA:21,6
DA:22,1
LF:22
LH:22
BRDA:8,0,0,6
BRDA:12,1,0,1
BRDA:16,2,0,6
BRDA:17,3,0,1
BRF:4
BRH:4
end_of_record
TN:
SF:src/user/domain/user.entity.ts
FN:6,User
FNF:1
FNH:1
FNDA:2,User
DA:1,1
DA:2,1
DA:3,1
DA:4,1
DA:5,1
DA:6,1
DA:7,1
LF:7
LH:7
BRDA:6,0,0,2
BRF:1
BRH:1
end_of_record
TN:
SF:src/user/tests/entities-test/unittest-users.ts
FNF:0
FNH:0
DA:1,1
DA:2,1
DA:3,1
DA:4,1
DA:5,1
DA:6,1
DA:7,1
DA:8,1
DA:9,1
DA:10,1
LF:10
LH:10
BRF:0
BRH:0
end_of_record
